<?xml version="1.0" encoding="UTF-8"?>
<!-- Generated by org.testng.reporters.JUnitReportReporter -->
<testsuite skipped="0" hostname="manambar-PC" name="tests.forms.RegisterForm" tests="1" failures="0" timestamp="2020-03-17T14:28:36 EET" time="6.666" errors="0">
  <testcase name="r1" time="6.666" classname="tests.forms.RegisterForm"/>
</testsuite> <!-- tests.forms.RegisterForm -->
